C:\Users\Bajra\source\repos\EmployeeManagementSystem\Ui\client\dist\out-tsc\app\app.component.js
C:\Users\Bajra\source\repos\EmployeeManagementSystem\Ui\client\dist\out-tsc\app\app.component.js.map
C:\Users\Bajra\source\repos\EmployeeManagementSystem\Ui\client\dist\out-tsc\environments\environment.js
C:\Users\Bajra\source\repos\EmployeeManagementSystem\Ui\client\dist\out-tsc\environments\environment.js.map
C:\Users\Bajra\source\repos\EmployeeManagementSystem\Ui\client\dist\out-tsc\app\global\global.js
C:\Users\Bajra\source\repos\EmployeeManagementSystem\Ui\client\dist\out-tsc\app\global\global.js.map
C:\Users\Bajra\source\repos\EmployeeManagementSystem\Ui\client\dist\out-tsc\app\users\user.service.js
C:\Users\Bajra\source\repos\EmployeeManagementSystem\Ui\client\dist\out-tsc\app\users\user.service.js.map
C:\Users\Bajra\source\repos\EmployeeManagementSystem\Ui\client\dist\out-tsc\app\users\login\login.component.js
C:\Users\Bajra\source\repos\EmployeeManagementSystem\Ui\client\dist\out-tsc\app\users\login\login.component.js.map
C:\Users\Bajra\source\repos\EmployeeManagementSystem\Ui\client\dist\out-tsc\app\shared\service\employee.service.js
C:\Users\Bajra\source\repos\EmployeeManagementSystem\Ui\client\dist\out-tsc\app\shared\service\employee.service.js.map
C:\Users\Bajra\source\repos\EmployeeManagementSystem\Ui\client\dist\out-tsc\app\guards\auth.guard.js
C:\Users\Bajra\source\repos\EmployeeManagementSystem\Ui\client\dist\out-tsc\app\guards\auth.guard.js.map
C:\Users\Bajra\source\repos\EmployeeManagementSystem\Ui\client\dist\out-tsc\app\shared\service\leave.service.js
C:\Users\Bajra\source\repos\EmployeeManagementSystem\Ui\client\dist\out-tsc\app\shared\service\leave.service.js.map
C:\Users\Bajra\source\repos\EmployeeManagementSystem\Ui\client\dist\out-tsc\app\shared\enums\enum.js
C:\Users\Bajra\source\repos\EmployeeManagementSystem\Ui\client\dist\out-tsc\app\shared\enums\enum.js.map
C:\Users\Bajra\source\repos\EmployeeManagementSystem\Ui\client\dist\out-tsc\app\employee-leave\employee-leave.component.js
C:\Users\Bajra\source\repos\EmployeeManagementSystem\Ui\client\dist\out-tsc\app\employee-leave\employee-leave.component.js.map
C:\Users\Bajra\source\repos\EmployeeManagementSystem\Ui\client\dist\out-tsc\app\employee\employee.component.js
C:\Users\Bajra\source\repos\EmployeeManagementSystem\Ui\client\dist\out-tsc\app\employee\employee.component.js.map
C:\Users\Bajra\source\repos\EmployeeManagementSystem\Ui\client\dist\out-tsc\app\shared\service\department.service.js
C:\Users\Bajra\source\repos\EmployeeManagementSystem\Ui\client\dist\out-tsc\app\shared\service\department.service.js.map
C:\Users\Bajra\source\repos\EmployeeManagementSystem\Ui\client\dist\out-tsc\app\employee\add-edit-employee\add-edit-employee.component.js
C:\Users\Bajra\source\repos\EmployeeManagementSystem\Ui\client\dist\out-tsc\app\employee\add-edit-employee\add-edit-employee.component.js.map
C:\Users\Bajra\source\repos\EmployeeManagementSystem\Ui\client\dist\out-tsc\app\employee\employee-routing.module.js
C:\Users\Bajra\source\repos\EmployeeManagementSystem\Ui\client\dist\out-tsc\app\employee\employee-routing.module.js.map
C:\Users\Bajra\source\repos\EmployeeManagementSystem\Ui\client\dist\out-tsc\app\employee\display-employee\display-employee.component.js
C:\Users\Bajra\source\repos\EmployeeManagementSystem\Ui\client\dist\out-tsc\app\employee\display-employee\display-employee.component.js.map
C:\Users\Bajra\source\repos\EmployeeManagementSystem\Ui\client\dist\out-tsc\app\shared\components\nav-bar\nav-bar.component.js
C:\Users\Bajra\source\repos\EmployeeManagementSystem\Ui\client\dist\out-tsc\app\shared\components\nav-bar\nav-bar.component.js.map
C:\Users\Bajra\source\repos\EmployeeManagementSystem\Ui\client\dist\out-tsc\app\shared\shared.module.js
C:\Users\Bajra\source\repos\EmployeeManagementSystem\Ui\client\dist\out-tsc\app\shared\shared.module.js.map
C:\Users\Bajra\source\repos\EmployeeManagementSystem\Ui\client\dist\out-tsc\app\employee\employee.module.js
C:\Users\Bajra\source\repos\EmployeeManagementSystem\Ui\client\dist\out-tsc\app\employee\employee.module.js.map
C:\Users\Bajra\source\repos\EmployeeManagementSystem\Ui\client\dist\out-tsc\app\user-profile\user-profile.component.js
C:\Users\Bajra\source\repos\EmployeeManagementSystem\Ui\client\dist\out-tsc\app\user-profile\user-profile.component.js.map
C:\Users\Bajra\source\repos\EmployeeManagementSystem\Ui\client\dist\out-tsc\app\user-profile\user-profile-routing.module.js
C:\Users\Bajra\source\repos\EmployeeManagementSystem\Ui\client\dist\out-tsc\app\user-profile\user-profile-routing.module.js.map
C:\Users\Bajra\source\repos\EmployeeManagementSystem\Ui\client\dist\out-tsc\app\user-profile\user-profile.module.js
C:\Users\Bajra\source\repos\EmployeeManagementSystem\Ui\client\dist\out-tsc\app\user-profile\user-profile.module.js.map
C:\Users\Bajra\source\repos\EmployeeManagementSystem\Ui\client\dist\out-tsc\app\app-routing.module.js
C:\Users\Bajra\source\repos\EmployeeManagementSystem\Ui\client\dist\out-tsc\app\app-routing.module.js.map
C:\Users\Bajra\source\repos\EmployeeManagementSystem\Ui\client\dist\out-tsc\app\app.module.js
C:\Users\Bajra\source\repos\EmployeeManagementSystem\Ui\client\dist\out-tsc\app\app.module.js.map
C:\Users\Bajra\source\repos\EmployeeManagementSystem\Ui\client\dist\out-tsc\main.js
C:\Users\Bajra\source\repos\EmployeeManagementSystem\Ui\client\dist\out-tsc\main.js.map
C:\Users\Bajra\source\repos\EmployeeManagementSystem\Ui\client\dist\out-tsc\polyfills.js
C:\Users\Bajra\source\repos\EmployeeManagementSystem\Ui\client\dist\out-tsc\polyfills.js.map
C:\Users\Bajra\source\repos\EmployeeManagementSystem\Ui\client\dist\out-tsc\test.js
C:\Users\Bajra\source\repos\EmployeeManagementSystem\Ui\client\dist\out-tsc\test.js.map
C:\Users\Bajra\source\repos\EmployeeManagementSystem\Ui\client\dist\out-tsc\app\department\department-routing.module.js
C:\Users\Bajra\source\repos\EmployeeManagementSystem\Ui\client\dist\out-tsc\app\department\department-routing.module.js.map
C:\Users\Bajra\source\repos\EmployeeManagementSystem\Ui\client\dist\out-tsc\app\department\department.component.js
C:\Users\Bajra\source\repos\EmployeeManagementSystem\Ui\client\dist\out-tsc\app\department\department.component.js.map
C:\Users\Bajra\source\repos\EmployeeManagementSystem\Ui\client\dist\out-tsc\app\department\department.component.spec.js
C:\Users\Bajra\source\repos\EmployeeManagementSystem\Ui\client\dist\out-tsc\app\department\department.component.spec.js.map
C:\Users\Bajra\source\repos\EmployeeManagementSystem\Ui\client\dist\out-tsc\app\department\show-department\show-department.component.js
C:\Users\Bajra\source\repos\EmployeeManagementSystem\Ui\client\dist\out-tsc\app\department\show-department\show-department.component.js.map
C:\Users\Bajra\source\repos\EmployeeManagementSystem\Ui\client\dist\out-tsc\app\department\add-edit-department\add-edit-department.component.js
C:\Users\Bajra\source\repos\EmployeeManagementSystem\Ui\client\dist\out-tsc\app\department\add-edit-department\add-edit-department.component.js.map
C:\Users\Bajra\source\repos\EmployeeManagementSystem\Ui\client\dist\out-tsc\app\department\department.module.js
C:\Users\Bajra\source\repos\EmployeeManagementSystem\Ui\client\dist\out-tsc\app\department\department.module.js.map
C:\Users\Bajra\source\repos\EmployeeManagementSystem\Ui\client\dist\out-tsc\app\department\add-edit-department\add-edit-department.component.spec.js
C:\Users\Bajra\source\repos\EmployeeManagementSystem\Ui\client\dist\out-tsc\app\department\add-edit-department\add-edit-department.component.spec.js.map
C:\Users\Bajra\source\repos\EmployeeManagementSystem\Ui\client\dist\out-tsc\app\department\show-department\show-department.component.spec.js
C:\Users\Bajra\source\repos\EmployeeManagementSystem\Ui\client\dist\out-tsc\app\department\show-department\show-department.component.spec.js.map
C:\Users\Bajra\source\repos\EmployeeManagementSystem\Ui\client\dist\out-tsc\app\shared\interfaces\interface.js
C:\Users\Bajra\source\repos\EmployeeManagementSystem\Ui\client\dist\out-tsc\app\shared\interfaces\interface.js.map
C:\Users\Bajra\source\repos\EmployeeManagementSystem\Ui\client\dist\out-tsc\app\user-profile\user-profile.component.spec.js
C:\Users\Bajra\source\repos\EmployeeManagementSystem\Ui\client\dist\out-tsc\app\user-profile\user-profile.component.spec.js.map
C:\Users\Bajra\source\repos\EmployeeManagementSystem\Ui\client\dist\out-tsc\environments\environment.prod.js
C:\Users\Bajra\source\repos\EmployeeManagementSystem\Ui\client\dist\out-tsc\environments\environment.prod.js.map
